<?xml version="1.0" encoding="UTF-8"?>
<!-- Generated by org.testng.reporters.JUnitReportReporter -->
<testsuite skipped="0" hostname="DESKTOP-G0D562V" name="cases.Bose" tests="4" failures="0" timestamp="2020-03-31T23:29:12 IST" time="48.588" errors="0">
  <testcase name="methodOneBose" time="0.020" classname="cases.Bose"/>
  <system-out/>
  <testcase name="methodOneBoseWebdriver" time="24.140" classname="cases.Bose"/>
  <system-out/>
  <testcase name="methodTwoBoseWebdriver" time="24.408" classname="cases.Bose"/>
  <system-out/>
  <testcase name="methodTwoBose" time="0.020" classname="cases.Bose"/>
  <system-out/>
</testsuite> <!-- cases.Bose -->
