<?xml version="1.0" encoding="UTF-8"?>
<!-- Generated by org.testng.reporters.JUnitReportReporter -->
<testsuite skipped="0" hostname="DESKTOP-G0D562V" name="cases.Absa" tests="6" failures="0" timestamp="2020-03-31T23:29:12 IST" time="79.863" errors="0">
  <testcase name="methodOneAbsaWebdriver" time="23.948" classname="cases.Absa"/>
  <system-out/>
  <testcase name="methodTwoAbsaWebdriver" time="24.901" classname="cases.Absa"/>
  <system-out/>
  <testcase name="methodTwoAbsaWebdriver4" time="15.910" classname="cases.Absa"/>
  <system-out/>
  <testcase name="methodOneAbsa" time="0.005" classname="cases.Absa"/>
  <system-out/>
  <testcase name="methodTwoAbsa" time="0.003" classname="cases.Absa"/>
  <system-out/>
  <testcase name="methodTwoAbsaWebdriver3" time="15.096" classname="cases.Absa"/>
  <system-out/>
</testsuite> <!-- cases.Absa -->
